<?xml version="1.0" encoding="UTF-8"?>
<!-- Generated by org.testng.reporters.JUnitReportReporter -->
<testsuite hostname="VJ-ThinkVersion" failures="0" tests="1" name="test.ForgetPasswordTest" time="0.627" errors="0" timestamp="2023-06-14T10:51:02 IST" skipped="0">
  <testcase classname="test.ForgetPasswordTest" name="EmailCheck" time="0.627"/>
  <system-out/>
</testsuite> <!-- test.ForgetPasswordTest -->
