<?xml version="1.0" encoding="UTF-8"?>
<!-- Generated by org.testng.reporters.JUnitReportReporter -->
<testsuite hostname="VJ-ThinkVersion" failures="0" tests="1" name="test.LoginModuleTest" time="0.861" errors="0" timestamp="2023-06-14T10:51:02 IST" skipped="0">
  <testcase classname="test.LoginModuleTest" name="InvalidLoginValidPassword" time="0.861"/>
  <system-out/>
</testsuite> <!-- test.LoginModuleTest -->
