<?xml version="1.0" encoding="UTF-8"?>
<!-- Generated by org.testng.reporters.JUnitReportReporter -->
<testsuite hostname="VJ-ThinkVersion" failures="0" tests="1" name="test.RegistrationModuleTest" time="3.099" errors="0" timestamp="2023-06-15T10:36:29 IST" skipped="0">
  <testcase classname="test.RegistrationModuleTest" name="FullNameValid" time="3.099"/>
</testsuite> <!-- test.RegistrationModuleTest -->
