<?xml version="1.0" encoding="UTF-8"?>
<!-- Generated by org.testng.reporters.JUnitReportReporter -->
<testsuite hostname="VJ-ThinkVersion" failures="0" tests="1" name="test.ForgetPasswordTest" time="1.039" errors="0" timestamp="2023-06-15T10:36:29 IST" skipped="0">
  <testcase classname="test.ForgetPasswordTest" name="EmailfieldValidaiton" time="1.039"/>
</testsuite> <!-- test.ForgetPasswordTest -->
