<?xml version="1.0" encoding="UTF-8"?>
<!-- Generated by org.testng.reporters.JUnitReportReporter -->
<testsuite hostname="VJ-ThinkVersion" failures="0" tests="1" name="test.LoginModuleTest" time="1.549" errors="0" timestamp="2023-06-15T10:36:29 IST" skipped="0">
  <testcase classname="test.LoginModuleTest" name="ValidUsernameInvalidPassword" time="1.549"/>
</testsuite> <!-- test.LoginModuleTest -->
