<?xml version="1.0" encoding="UTF-8"?>
<!-- Generated by org.testng.reporters.JUnitReportReporter -->
<testsuite hostname="VJ-ThinkVersion" failures="0" tests="2" name="base.HomeModuleTest" time="0.000" errors="0" timestamp="2023-06-02T11:02:25 IST" skipped="0">
  <testcase classname="base.HomeModuleTest" name="SearchBuses" time="0.000"/>
  <system-out/>
  <testcase classname="base.HomeModuleTest" name="BookTicket" time="0.000"/>
  <system-out/>
</testsuite> <!-- base.HomeModuleTest -->
