<?xml version="1.0" encoding="UTF-8"?>
<!-- Generated by org.testng.reporters.JUnitReportReporter -->
<testsuite hostname="VJ-ThinkVersion" failures="0" tests="2" name="base.GalleryWalletTest" time="0.004" errors="0" timestamp="2023-06-02T11:02:25 IST" skipped="0">
  <testcase classname="base.GalleryWalletTest" name="ViewWalletinfo" time="0.001"/>
  <system-out/>
  <testcase classname="base.GalleryWalletTest" name="ViewGallery" time="0.003"/>
  <system-out/>
</testsuite> <!-- base.GalleryWalletTest -->
