<?xml version="1.0" encoding="UTF-8"?>
<!-- Generated by org.testng.reporters.JUnitReportReporter -->
<testsuite hostname="VJ-ThinkVersion" failures="0" tests="5" name="base.SignInModuleTest" time="9.083" errors="0" timestamp="2023-06-02T11:02:25 IST" skipped="0">
  <testcase classname="base.SignInModuleTest" name="SuccessfSigin" time="3.288"/>
  <system-out/>
  <testcase classname="base.SignInModuleTest" name="SuccessfSigin" time="5.792"/>
  <system-out/>
  <testcase classname="base.SignInModuleTest" name="Forgetpassword" time="0.001"/>
  <system-out/>
  <testcase classname="base.SignInModuleTest" name="SiginNegValidation" time="0.001"/>
  <system-out/>
  <testcase classname="base.SignInModuleTest" name="SuccessfulRegistration" time="0.001"/>
  <system-out/>
</testsuite> <!-- base.SignInModuleTest -->
