<?xml version="1.0" encoding="UTF-8"?>
<!-- Generated by org.testng.reporters.JUnitReportReporter -->
<testsuite hostname="VJ-ThinkVersion" failures="0" tests="5" name="base.RegistrationModuleTest" time="0.004" errors="0" timestamp="2023-06-02T11:02:25 IST" skipped="0">
  <testcase classname="base.RegistrationModuleTest" name="NegativeFullname" time="0.001"/>
  <system-out/>
  <testcase classname="base.RegistrationModuleTest" name="NegativeValidMobilenum" time="0.001"/>
  <system-out/>
  <testcase classname="base.RegistrationModuleTest" name="NegativeValidLoginFullname" time="0.000"/>
  <system-out/>
  <testcase classname="base.RegistrationModuleTest" name="NegativeValidEmail" time="0.001"/>
  <system-out/>
  <testcase classname="base.RegistrationModuleTest" name="SuccessfulRegis" time="0.001"/>
  <system-out/>
</testsuite> <!-- base.RegistrationModuleTest -->
