<?xml version="1.0" encoding="UTF-8"?>
<!-- Generated by org.testng.reporters.JUnitReportReporter -->
<testsuite hostname="VJ-ThinkVersion" failures="0" tests="3" name="base.TicketStatusTest" time="0.004" errors="0" timestamp="2023-06-02T11:02:25 IST" skipped="0">
  <testcase classname="base.TicketStatusTest" name="ServiceStatus" time="0.001"/>
  <system-out/>
  <testcase classname="base.TicketStatusTest" name="TransactionStatus" time="0.001"/>
  <system-out/>
  <testcase classname="base.TicketStatusTest" name="TicketEnquiry" time="0.002"/>
  <system-out/>
</testsuite> <!-- base.TicketStatusTest -->
